app/build/intermediates/manifest_merge_blame_file/release/manifest-merger-blame-release-report.txt
1<?xml version="1.0" encoding="utf-8"?>
2<manifest xmlns:android="http://schemas.android.com/apk/res/android"
3    package="com.example.tribe"
4    android:versionCode="1"
5    android:versionName="1.0" >
6
7    <uses-sdk
8        android:minSdkVersion="21"
8-->src\main\AndroidManifest.xml
9        android:targetSdkVersion="32" />
9-->src\main\AndroidManifest.xml
10
11    <uses-permission android:name="android.permission.READ_EXTERNAL_STORAGE" />
11-->src\main\AndroidManifest.xml:5:5-80
11-->src\main\AndroidManifest.xml:5:22-77
12    <uses-permission android:name="android.permission.WRITE_EXTERNAL_STORAGE" />
12-->src\main\AndroidManifest.xml:6:5-81
12-->src\main\AndroidManifest.xml:6:22-78
13    <uses-permission android:name="android.permission.INTERNET" />
13-->[com.google.firebase:firebase-auth:21.0.1] AndroidManifest.xml:23:5-67
13-->[com.google.firebase:firebase-auth:21.0.1] AndroidManifest.xml:23:22-64
14    <uses-permission android:name="android.permission.ACCESS_NETWORK_STATE" />
14-->[com.google.firebase:firebase-auth:21.0.1] AndroidManifest.xml:24:5-79
14-->[com.google.firebase:firebase-auth:21.0.1] AndroidManifest.xml:24:22-76
15    <uses-permission android:name="android.permission.WAKE_LOCK" />
15-->[com.google.firebase:firebase-measurement-connector-impl:16.0.1] AndroidManifest.xml:24:5-68
15-->[com.google.firebase:firebase-measurement-connector-impl:16.0.1] AndroidManifest.xml:24:22-65
16    <uses-permission android:name="com.google.android.finsky.permission.BIND_GET_INSTALL_REFERRER_SERVICE" /> <!-- Required by older versions of Google Play services to create IID tokens -->
16-->[com.google.firebase:firebase-analytics:16.0.1] AndroidManifest.xml:26:5-110
16-->[com.google.firebase:firebase-analytics:16.0.1] AndroidManifest.xml:26:22-107
17    <uses-permission android:name="com.google.android.c2dm.permission.RECEIVE" />
17-->[com.google.firebase:firebase-iid:17.0.1] AndroidManifest.xml:26:5-82
17-->[com.google.firebase:firebase-iid:17.0.1] AndroidManifest.xml:26:22-79
18
19    <application
19-->src\main\AndroidManifest.xml:8:5-98:19
20        android:allowBackup="true"
20-->src\main\AndroidManifest.xml:9:9-35
21        android:appComponentFactory="androidx.core.app.CoreComponentFactory"
21-->[androidx.core:core:1.7.0] AndroidManifest.xml:24:18-86
22        android:icon="@mipmap/ic_launcher"
22-->src\main\AndroidManifest.xml:10:9-43
23        android:label="@string/app_name"
23-->src\main\AndroidManifest.xml:11:9-41
24        android:roundIcon="@mipmap/ic_launcher_round"
24-->src\main\AndroidManifest.xml:12:9-54
25        android:supportsRtl="true"
25-->src\main\AndroidManifest.xml:13:9-35
26        android:theme="@style/Theme.Tribe" >
26-->src\main\AndroidManifest.xml:14:9-43
27        <activity
27-->src\main\AndroidManifest.xml:15:9-18:40
28            android:name="com.example.tribe.LC.ViewImages"
28-->src\main\AndroidManifest.xml:16:13-42
29            android:exported="false"
29-->src\main\AndroidManifest.xml:18:13-37
30            android:screenOrientation="portrait" />
30-->src\main\AndroidManifest.xml:17:13-49
31        <activity
31-->src\main\AndroidManifest.xml:19:9-21:59
32            android:name="com.theartofdev.edmodo.cropper.CropImageActivity"
32-->src\main\AndroidManifest.xml:20:13-76
33            android:theme="@style/Base.Theme.AppCompat" />
33-->src\main\AndroidManifest.xml:21:13-56
34        <activity
34-->src\main\AndroidManifest.xml:22:9-26:40
35            android:name="com.example.tribe.LC.PostActivity"
35-->src\main\AndroidManifest.xml:23:13-44
36            android:exported="false"
36-->src\main\AndroidManifest.xml:26:13-37
37            android:screenOrientation="portrait" />
37-->src\main\AndroidManifest.xml:24:13-49
38        <activity
38-->src\main\AndroidManifest.xml:27:9-31:40
39            android:name="com.example.tribe.LC.Search"
39-->src\main\AndroidManifest.xml:28:13-38
40            android:exported="false"
40-->src\main\AndroidManifest.xml:31:13-37
41            android:screenOrientation="portrait" />
41-->src\main\AndroidManifest.xml:29:13-49
42        <activity
42-->src\main\AndroidManifest.xml:32:9-36:40
43            android:name="com.example.tribe.LC.MessageActivity"
43-->src\main\AndroidManifest.xml:33:13-47
44            android:exported="false"
44-->src\main\AndroidManifest.xml:36:13-37
45            android:screenOrientation="portrait" />
45-->src\main\AndroidManifest.xml:34:13-49
46        <activity
46-->src\main\AndroidManifest.xml:37:9-39:40
47            android:name="com.example.tribe.LC.AddProfilePhotoActivity"
47-->src\main\AndroidManifest.xml:38:13-55
48            android:exported="false" />
48-->src\main\AndroidManifest.xml:39:13-37
49        <activity
49-->src\main\AndroidManifest.xml:40:9-43:15
50            android:name="com.example.tribe.LC.CommentsActivity"
50-->src\main\AndroidManifest.xml:40:19-54
51            android:screenOrientation="portrait" />
51-->src\main\AndroidManifest.xml:41:13-49
52        <activity
52-->src\main\AndroidManifest.xml:44:9-48:72
53            android:name="com.example.tribe.BottomNavigationActivity"
53-->src\main\AndroidManifest.xml:45:13-53
54            android:exported="false"
54-->src\main\AndroidManifest.xml:46:13-37
55            android:label="@string/title_activity_bottom_navigation"
55-->src\main\AndroidManifest.xml:48:13-69
56            android:screenOrientation="portrait" />
56-->src\main\AndroidManifest.xml:47:13-49
57        <activity
57-->src\main\AndroidManifest.xml:49:9-51:40
58            android:name="com.example.tribe.LC.EmailVerificationActivity"
58-->src\main\AndroidManifest.xml:50:13-57
59            android:exported="false" />
59-->src\main\AndroidManifest.xml:51:13-37
60        <activity
60-->src\main\AndroidManifest.xml:52:9-54:40
61            android:name="com.example.tribe.LC.SignupActivity"
61-->src\main\AndroidManifest.xml:53:13-46
62            android:exported="false" />
62-->src\main\AndroidManifest.xml:54:13-37
63        <activity
63-->src\main\AndroidManifest.xml:55:9-57:40
64            android:name="com.example.tribe.LC.CreateNewPasswordActivity"
64-->src\main\AndroidManifest.xml:56:13-57
65            android:exported="false" />
65-->src\main\AndroidManifest.xml:57:13-37
66        <activity
66-->src\main\AndroidManifest.xml:58:9-60:40
67            android:name="com.example.tribe.LC.ResetPasswordActivity"
67-->src\main\AndroidManifest.xml:59:13-53
68            android:exported="false" />
68-->src\main\AndroidManifest.xml:60:13-37
69        <activity
69-->src\main\AndroidManifest.xml:61:9-63:40
70            android:name="com.example.tribe.LC.LoginActivity"
70-->src\main\AndroidManifest.xml:62:13-45
71            android:exported="false" />
71-->src\main\AndroidManifest.xml:63:13-37
72        <activity
72-->src\main\AndroidManifest.xml:64:9-66:40
73            android:name="com.example.tribe.LC.OnboardingActivity"
73-->src\main\AndroidManifest.xml:65:13-50
74            android:exported="false" />
74-->src\main\AndroidManifest.xml:66:13-37
75        <activity
75-->src\main\AndroidManifest.xml:67:9-75:20
76            android:name="com.example.tribe.LC.SplashActivity"
76-->src\main\AndroidManifest.xml:68:13-46
77            android:exported="true" >
77-->src\main\AndroidManifest.xml:69:13-36
78            <intent-filter>
78-->src\main\AndroidManifest.xml:70:13-74:29
79                <action android:name="android.intent.action.MAIN" />
79-->src\main\AndroidManifest.xml:71:17-69
79-->src\main\AndroidManifest.xml:71:25-66
80
81                <category android:name="android.intent.category.LAUNCHER" />
81-->src\main\AndroidManifest.xml:73:17-77
81-->src\main\AndroidManifest.xml:73:27-74
82            </intent-filter>
83        </activity>
84        <activity
84-->src\main\AndroidManifest.xml:76:9-80:15
85            android:name="com.example.tribe.MainActivity"
85-->src\main\AndroidManifest.xml:77:13-41
86            android:exported="true"
86-->src\main\AndroidManifest.xml:78:13-36
87            android:screenOrientation="portrait" />
87-->src\main\AndroidManifest.xml:79:13-49
88
89        <service
89-->src\main\AndroidManifest.xml:82:9-89:19
90            android:name="com.example.tribe.Notifications.MyFirebaseIdService"
90-->src\main\AndroidManifest.xml:83:13-62
91            android:enabled="true"
91-->src\main\AndroidManifest.xml:84:13-35
92            android:exported="true" >
92-->src\main\AndroidManifest.xml:85:13-36
93            <intent-filter>
93-->src\main\AndroidManifest.xml:86:13-88:29
94                <action android:name="com.google.firebase.INSTANCE_ID_EVENT" />
94-->src\main\AndroidManifest.xml:87:17-80
94-->src\main\AndroidManifest.xml:87:25-77
95            </intent-filter>
96        </service>
97        <service
97-->src\main\AndroidManifest.xml:90:9-97:19
98            android:name="com.example.tribe.Notifications.MyFirebaseMessaging"
98-->src\main\AndroidManifest.xml:91:13-62
99            android:enabled="true"
99-->src\main\AndroidManifest.xml:92:13-35
100            android:exported="true" >
100-->src\main\AndroidManifest.xml:93:13-36
101            <intent-filter>
101-->src\main\AndroidManifest.xml:94:13-96:29
102                <action android:name="com.google.firebase.MESSAGING_EVENT" />
102-->src\main\AndroidManifest.xml:95:17-78
102-->src\main\AndroidManifest.xml:95:25-75
103            </intent-filter>
104        </service>
105
106        <activity
106-->[com.google.firebase:firebase-auth:21.0.1] AndroidManifest.xml:27:9-44:20
107            android:name="com.google.firebase.auth.internal.GenericIdpActivity"
107-->[com.google.firebase:firebase-auth:21.0.1] AndroidManifest.xml:28:13-80
108            android:excludeFromRecents="true"
108-->[com.google.firebase:firebase-auth:21.0.1] AndroidManifest.xml:29:13-46
109            android:exported="true"
109-->[com.google.firebase:firebase-auth:21.0.1] AndroidManifest.xml:30:13-36
110            android:launchMode="singleTask"
110-->[com.google.firebase:firebase-auth:21.0.1] AndroidManifest.xml:31:13-44
111            android:theme="@android:style/Theme.Translucent.NoTitleBar" >
111-->[com.google.firebase:firebase-auth:21.0.1] AndroidManifest.xml:32:13-72
112            <intent-filter>
112-->[com.google.firebase:firebase-auth:21.0.1] AndroidManifest.xml:33:13-43:29
113                <action android:name="android.intent.action.VIEW" />
113-->[com.google.firebase:firebase-auth:21.0.1] AndroidManifest.xml:34:17-69
113-->[com.google.firebase:firebase-auth:21.0.1] AndroidManifest.xml:34:25-66
114
115                <category android:name="android.intent.category.DEFAULT" />
115-->[com.google.firebase:firebase-auth:21.0.1] AndroidManifest.xml:36:17-76
115-->[com.google.firebase:firebase-auth:21.0.1] AndroidManifest.xml:36:27-73
116                <category android:name="android.intent.category.BROWSABLE" />
116-->[com.google.firebase:firebase-auth:21.0.1] AndroidManifest.xml:37:17-78
116-->[com.google.firebase:firebase-auth:21.0.1] AndroidManifest.xml:37:27-75
117
118                <data
118-->[com.google.firebase:firebase-auth:21.0.1] AndroidManifest.xml:39:17-42:51
119                    android:host="firebase.auth"
119-->[com.google.firebase:firebase-auth:21.0.1] AndroidManifest.xml:40:21-49
120                    android:path="/"
120-->[com.google.firebase:firebase-auth:21.0.1] AndroidManifest.xml:41:21-37
121                    android:scheme="genericidp" />
121-->[com.google.firebase:firebase-auth:21.0.1] AndroidManifest.xml:42:21-48
122            </intent-filter>
123        </activity>
124        <activity
124-->[com.google.firebase:firebase-auth:21.0.1] AndroidManifest.xml:45:9-62:20
125            android:name="com.google.firebase.auth.internal.RecaptchaActivity"
125-->[com.google.firebase:firebase-auth:21.0.1] AndroidManifest.xml:46:13-79
126            android:excludeFromRecents="true"
126-->[com.google.firebase:firebase-auth:21.0.1] AndroidManifest.xml:47:13-46
127            android:exported="true"
127-->[com.google.firebase:firebase-auth:21.0.1] AndroidManifest.xml:48:13-36
128            android:launchMode="singleTask"
128-->[com.google.firebase:firebase-auth:21.0.1] AndroidManifest.xml:49:13-44
129            android:theme="@android:style/Theme.Translucent.NoTitleBar" >
129-->[com.google.firebase:firebase-auth:21.0.1] AndroidManifest.xml:50:13-72
130            <intent-filter>
130-->[com.google.firebase:firebase-auth:21.0.1] AndroidManifest.xml:51:13-61:29
131                <action android:name="android.intent.action.VIEW" />
131-->[com.google.firebase:firebase-auth:21.0.1] AndroidManifest.xml:34:17-69
131-->[com.google.firebase:firebase-auth:21.0.1] AndroidManifest.xml:34:25-66
132
133                <category android:name="android.intent.category.DEFAULT" />
133-->[com.google.firebase:firebase-auth:21.0.1] AndroidManifest.xml:36:17-76
133-->[com.google.firebase:firebase-auth:21.0.1] AndroidManifest.xml:36:27-73
134                <category android:name="android.intent.category.BROWSABLE" />
134-->[com.google.firebase:firebase-auth:21.0.1] AndroidManifest.xml:37:17-78
134-->[com.google.firebase:firebase-auth:21.0.1] AndroidManifest.xml:37:27-75
135
136                <data
136-->[com.google.firebase:firebase-auth:21.0.1] AndroidManifest.xml:39:17-42:51
137                    android:host="firebase.auth"
137-->[com.google.firebase:firebase-auth:21.0.1] AndroidManifest.xml:40:21-49
138                    android:path="/"
138-->[com.google.firebase:firebase-auth:21.0.1] AndroidManifest.xml:41:21-37
139                    android:scheme="recaptcha" />
139-->[com.google.firebase:firebase-auth:21.0.1] AndroidManifest.xml:42:21-48
140            </intent-filter>
141        </activity>
142
143        <service
143-->[com.google.firebase:firebase-auth:21.0.1] AndroidManifest.xml:64:9-73:19
144            android:name="com.google.firebase.auth.api.fallback.service.FirebaseAuthFallbackService"
144-->[com.google.firebase:firebase-auth:21.0.1] AndroidManifest.xml:65:13-101
145            android:enabled="true"
145-->[com.google.firebase:firebase-auth:21.0.1] AndroidManifest.xml:66:13-35
146            android:exported="false" >
146-->[com.google.firebase:firebase-auth:21.0.1] AndroidManifest.xml:67:13-37
147            <intent-filter>
147-->[com.google.firebase:firebase-auth:21.0.1] AndroidManifest.xml:68:13-72:29
148                <action android:name="com.google.firebase.auth.api.gms.service.START" />
148-->[com.google.firebase:firebase-auth:21.0.1] AndroidManifest.xml:69:17-89
148-->[com.google.firebase:firebase-auth:21.0.1] AndroidManifest.xml:69:25-86
149
150                <category android:name="android.intent.category.DEFAULT" />
150-->[com.google.firebase:firebase-auth:21.0.1] AndroidManifest.xml:36:17-76
150-->[com.google.firebase:firebase-auth:21.0.1] AndroidManifest.xml:36:27-73
151            </intent-filter>
152        </service>
153        <service
153-->[com.google.firebase:firebase-auth:21.0.1] AndroidManifest.xml:74:9-80:19
154            android:name="com.google.firebase.components.ComponentDiscoveryService"
154-->[com.google.firebase:firebase-auth:21.0.1] AndroidManifest.xml:75:13-84
155            android:directBootAware="true"
155-->[com.google.firebase:firebase-common:20.1.0] AndroidManifest.xml:35:13-43
156            android:exported="false" >
156-->[com.google.firebase:firebase-auth:21.0.1] AndroidManifest.xml:76:13-37
157            <meta-data
157-->[com.google.firebase:firebase-auth:21.0.1] AndroidManifest.xml:77:13-79:85
158                android:name="com.google.firebase.components:com.google.firebase.auth.FirebaseAuthRegistrar"
158-->[com.google.firebase:firebase-auth:21.0.1] AndroidManifest.xml:78:17-109
159                android:value="com.google.firebase.components.ComponentRegistrar" />
159-->[com.google.firebase:firebase-auth:21.0.1] AndroidManifest.xml:79:17-82
160            <meta-data
160-->[com.google.firebase:firebase-firestore:24.0.1] AndroidManifest.xml:20:13-22:85
161                android:name="com.google.firebase.components:com.google.firebase.firestore.FirestoreRegistrar"
161-->[com.google.firebase:firebase-firestore:24.0.1] AndroidManifest.xml:21:17-111
162                android:value="com.google.firebase.components.ComponentRegistrar" />
162-->[com.google.firebase:firebase-firestore:24.0.1] AndroidManifest.xml:22:17-82
163            <meta-data
163-->[com.google.firebase:firebase-database:20.0.3] AndroidManifest.xml:32:13-34:85
164                android:name="com.google.firebase.components:com.google.firebase.database.DatabaseRegistrar"
164-->[com.google.firebase:firebase-database:20.0.3] AndroidManifest.xml:33:17-109
165                android:value="com.google.firebase.components.ComponentRegistrar" />
165-->[com.google.firebase:firebase-database:20.0.3] AndroidManifest.xml:34:17-82
166            <meta-data
166-->[com.google.firebase:firebase-storage:20.0.1] AndroidManifest.xml:33:13-35:85
167                android:name="com.google.firebase.components:com.google.firebase.storage.StorageRegistrar"
167-->[com.google.firebase:firebase-storage:20.0.1] AndroidManifest.xml:34:17-107
168                android:value="com.google.firebase.components.ComponentRegistrar" />
168-->[com.google.firebase:firebase-storage:20.0.1] AndroidManifest.xml:35:17-82
169            <meta-data
169-->[com.google.firebase:firebase-measurement-connector-impl:16.0.1] AndroidManifest.xml:28:13-30:85
170                android:name="com.google.firebase.components:com.google.firebase.analytics.connector.internal.AnalyticsConnectorRegistrar"
170-->[com.google.firebase:firebase-measurement-connector-impl:16.0.1] AndroidManifest.xml:29:17-139
171                android:value="com.google.firebase.components.ComponentRegistrar" />
171-->[com.google.firebase:firebase-measurement-connector-impl:16.0.1] AndroidManifest.xml:30:17-82
172            <meta-data
172-->[com.google.firebase:firebase-iid:17.0.1] AndroidManifest.xml:32:13-34:85
173                android:name="com.google.firebase.components:com.google.firebase.iid.Registrar"
173-->[com.google.firebase:firebase-iid:17.0.1] AndroidManifest.xml:33:17-96
174                android:value="com.google.firebase.components.ComponentRegistrar" />
174-->[com.google.firebase:firebase-iid:17.0.1] AndroidManifest.xml:34:17-82
175        </service>
176
177        <uses-library
177-->[androidx.window:window:1.0.0] AndroidManifest.xml:25:9-27:40
178            android:name="androidx.window.extensions"
178-->[androidx.window:window:1.0.0] AndroidManifest.xml:26:13-54
179            android:required="false" />
179-->[androidx.window:window:1.0.0] AndroidManifest.xml:27:13-37
180        <uses-library
180-->[androidx.window:window:1.0.0] AndroidManifest.xml:28:9-30:40
181            android:name="androidx.window.sidecar"
181-->[androidx.window:window:1.0.0] AndroidManifest.xml:29:13-51
182            android:required="false" />
182-->[androidx.window:window:1.0.0] AndroidManifest.xml:30:13-37
183        <!--
184             FirebaseMessagingService performs security checks at runtime,
185             no need for explicit permissions despite exported="true"
186        -->
187        <service
187-->[com.google.firebase:firebase-messaging:17.3.1] AndroidManifest.xml:28:9-34:19
188            android:name="com.google.firebase.messaging.FirebaseMessagingService"
188-->[com.google.firebase:firebase-messaging:17.3.1] AndroidManifest.xml:29:13-82
189            android:exported="true" >
189-->[com.google.firebase:firebase-messaging:17.3.1] AndroidManifest.xml:30:13-36
190            <intent-filter android:priority="-500" >
190-->src\main\AndroidManifest.xml:94:13-96:29
191                <action android:name="com.google.firebase.MESSAGING_EVENT" />
191-->src\main\AndroidManifest.xml:95:17-78
191-->src\main\AndroidManifest.xml:95:25-75
192            </intent-filter>
193        </service>
194
195        <provider
195-->[com.squareup.picasso:picasso:2.71828] AndroidManifest.xml:8:9-11:40
196            android:name="com.squareup.picasso.PicassoProvider"
196-->[com.squareup.picasso:picasso:2.71828] AndroidManifest.xml:9:13-64
197            android:authorities="com.example.tribe.com.squareup.picasso"
197-->[com.squareup.picasso:picasso:2.71828] AndroidManifest.xml:10:13-72
198            android:exported="false" />
198-->[com.squareup.picasso:picasso:2.71828] AndroidManifest.xml:11:13-37
199
200        <receiver
200-->[com.google.firebase:firebase-analytics:16.0.1] AndroidManifest.xml:29:9-33:20
201            android:name="com.google.android.gms.measurement.AppMeasurementReceiver"
201-->[com.google.firebase:firebase-analytics:16.0.1] AndroidManifest.xml:30:13-85
202            android:enabled="true"
202-->[com.google.firebase:firebase-analytics:16.0.1] AndroidManifest.xml:31:13-35
203            android:exported="false" >
203-->[com.google.firebase:firebase-analytics:16.0.1] AndroidManifest.xml:32:13-37
204        </receiver>
205        <receiver
205-->[com.google.firebase:firebase-analytics:16.0.1] AndroidManifest.xml:34:9-42:20
206            android:name="com.google.android.gms.measurement.AppMeasurementInstallReferrerReceiver"
206-->[com.google.firebase:firebase-analytics:16.0.1] AndroidManifest.xml:35:13-100
207            android:enabled="true"
207-->[com.google.firebase:firebase-analytics:16.0.1] AndroidManifest.xml:36:13-35
208            android:exported="true"
208-->[com.google.firebase:firebase-analytics:16.0.1] AndroidManifest.xml:37:13-36
209            android:permission="android.permission.INSTALL_PACKAGES" >
209-->[com.google.firebase:firebase-analytics:16.0.1] AndroidManifest.xml:38:13-69
210            <intent-filter>
210-->[com.google.firebase:firebase-analytics:16.0.1] AndroidManifest.xml:39:13-41:29
211                <action android:name="com.android.vending.INSTALL_REFERRER" />
211-->[com.google.firebase:firebase-analytics:16.0.1] AndroidManifest.xml:40:17-79
211-->[com.google.firebase:firebase-analytics:16.0.1] AndroidManifest.xml:40:25-76
212            </intent-filter>
213        </receiver>
214
215        <service
215-->[com.google.firebase:firebase-analytics:16.0.1] AndroidManifest.xml:44:9-47:40
216            android:name="com.google.android.gms.measurement.AppMeasurementService"
216-->[com.google.firebase:firebase-analytics:16.0.1] AndroidManifest.xml:45:13-84
217            android:enabled="true"
217-->[com.google.firebase:firebase-analytics:16.0.1] AndroidManifest.xml:46:13-35
218            android:exported="false" />
218-->[com.google.firebase:firebase-analytics:16.0.1] AndroidManifest.xml:47:13-37
219        <service
219-->[com.google.firebase:firebase-analytics:16.0.1] AndroidManifest.xml:48:9-52:72
220            android:name="com.google.android.gms.measurement.AppMeasurementJobService"
220-->[com.google.firebase:firebase-analytics:16.0.1] AndroidManifest.xml:49:13-87
221            android:enabled="true"
221-->[com.google.firebase:firebase-analytics:16.0.1] AndroidManifest.xml:50:13-35
222            android:exported="false"
222-->[com.google.firebase:firebase-analytics:16.0.1] AndroidManifest.xml:51:13-37
223            android:permission="android.permission.BIND_JOB_SERVICE" />
223-->[com.google.firebase:firebase-analytics:16.0.1] AndroidManifest.xml:52:13-69
224
225        <receiver
225-->[com.google.firebase:firebase-iid:17.0.1] AndroidManifest.xml:37:9-44:20
226            android:name="com.google.firebase.iid.FirebaseInstanceIdReceiver"
226-->[com.google.firebase:firebase-iid:17.0.1] AndroidManifest.xml:38:13-78
227            android:exported="true"
227-->[com.google.firebase:firebase-iid:17.0.1] AndroidManifest.xml:39:13-36
228            android:permission="com.google.android.c2dm.permission.SEND" >
228-->[com.google.firebase:firebase-iid:17.0.1] AndroidManifest.xml:40:13-73
229            <intent-filter>
229-->[com.google.firebase:firebase-iid:17.0.1] AndroidManifest.xml:41:13-43:29
230                <action android:name="com.google.android.c2dm.intent.RECEIVE" />
230-->[com.google.firebase:firebase-iid:17.0.1] AndroidManifest.xml:42:17-81
230-->[com.google.firebase:firebase-iid:17.0.1] AndroidManifest.xml:42:25-78
231            </intent-filter>
232        </receiver>
233        <!--
234             FirebaseInstanceIdService performs security checks at runtime,
235             no need for explicit permissions despite exported="true"
236        -->
237        <service
237-->[com.google.firebase:firebase-iid:17.0.1] AndroidManifest.xml:50:9-56:19
238            android:name="com.google.firebase.iid.FirebaseInstanceIdService"
238-->[com.google.firebase:firebase-iid:17.0.1] AndroidManifest.xml:51:13-77
239            android:exported="true" >
239-->[com.google.firebase:firebase-iid:17.0.1] AndroidManifest.xml:52:13-36
240            <intent-filter android:priority="-500" >
240-->src\main\AndroidManifest.xml:86:13-88:29
241                <action android:name="com.google.firebase.INSTANCE_ID_EVENT" />
241-->src\main\AndroidManifest.xml:87:17-80
241-->src\main\AndroidManifest.xml:87:25-77
242            </intent-filter>
243        </service>
244
245        <activity
245-->[com.google.android.gms:play-services-base:18.0.1] AndroidManifest.xml:20:9-22:45
246            android:name="com.google.android.gms.common.api.GoogleApiActivity"
246-->[com.google.android.gms:play-services-base:18.0.1] AndroidManifest.xml:20:19-85
247            android:exported="false"
247-->[com.google.android.gms:play-services-base:18.0.1] AndroidManifest.xml:22:19-43
248            android:theme="@android:style/Theme.Translucent.NoTitleBar" />
248-->[com.google.android.gms:play-services-base:18.0.1] AndroidManifest.xml:21:19-78
249
250        <provider
250-->[com.google.firebase:firebase-common:20.1.0] AndroidManifest.xml:26:9-31:39
251            android:name="com.google.firebase.provider.FirebaseInitProvider"
251-->[com.google.firebase:firebase-common:20.1.0] AndroidManifest.xml:27:13-77
252            android:authorities="com.example.tribe.firebaseinitprovider"
252-->[com.google.firebase:firebase-common:20.1.0] AndroidManifest.xml:28:13-72
253            android:directBootAware="true"
253-->[com.google.firebase:firebase-common:20.1.0] AndroidManifest.xml:29:13-43
254            android:exported="false"
254-->[com.google.firebase:firebase-common:20.1.0] AndroidManifest.xml:30:13-37
255            android:initOrder="100" />
255-->[com.google.firebase:firebase-common:20.1.0] AndroidManifest.xml:31:13-36
256
257        <meta-data
257-->[com.google.android.gms:play-services-basement:18.0.0] AndroidManifest.xml:21:9-23:69
258            android:name="com.google.android.gms.version"
258-->[com.google.android.gms:play-services-basement:18.0.0] AndroidManifest.xml:22:13-58
259            android:value="@integer/google_play_services_version" />
259-->[com.google.android.gms:play-services-basement:18.0.0] AndroidManifest.xml:23:13-66
260
261        <provider
261-->[androidx.emoji2:emoji2:1.0.0] AndroidManifest.xml:26:9-34:20
262            android:name="androidx.startup.InitializationProvider"
262-->[androidx.emoji2:emoji2:1.0.0] AndroidManifest.xml:27:13-67
263            android:authorities="com.example.tribe.androidx-startup"
263-->[androidx.emoji2:emoji2:1.0.0] AndroidManifest.xml:28:13-68
264            android:exported="false" >
264-->[androidx.emoji2:emoji2:1.0.0] AndroidManifest.xml:29:13-37
265            <meta-data
265-->[androidx.emoji2:emoji2:1.0.0] AndroidManifest.xml:31:13-33:52
266                android:name="androidx.emoji2.text.EmojiCompatInitializer"
266-->[androidx.emoji2:emoji2:1.0.0] AndroidManifest.xml:32:17-75
267                android:value="androidx.startup" />
267-->[androidx.emoji2:emoji2:1.0.0] AndroidManifest.xml:33:17-49
268            <meta-data
268-->[androidx.lifecycle:lifecycle-process:2.4.0] AndroidManifest.xml:31:13-33:52
269                android:name="androidx.lifecycle.ProcessLifecycleInitializer"
269-->[androidx.lifecycle:lifecycle-process:2.4.0] AndroidManifest.xml:32:17-78
270                android:value="androidx.startup" />
270-->[androidx.lifecycle:lifecycle-process:2.4.0] AndroidManifest.xml:33:17-49
271        </provider>
272    </application>
273
274</manifest>